Line 28: Property Picture in cmdPrevCard had an invalid file reference.
Line 46: Property Picture in cmdNextCard had an invalid file reference.
Line 1351: Property Picture in picPLCInput had an invalid file reference.
Line 1364: Property Picture in picPLCInput had an invalid file reference.
Line 1377: Property Picture in picPLCInput had an invalid file reference.
Line 1390: Property Picture in picPLCInput had an invalid file reference.
Line 1403: Property Picture in picPLCInput had an invalid file reference.
Line 1416: Property Picture in picPLCInput had an invalid file reference.
Line 1429: Property Picture in picPLCInput had an invalid file reference.
Line 1442: Property Picture in picPLCInput had an invalid file reference.
Line 1455: Property Picture in picPLCInput had an invalid file reference.
Line 1468: Property Picture in picPLCInput had an invalid file reference.
Line 1481: Property Picture in picPLCInput had an invalid file reference.
Line 1494: Property Picture in picPLCInput had an invalid file reference.
Line 1507: Property Picture in picPLCInput had an invalid file reference.
Line 1520: Property Picture in picPLCInput had an invalid file reference.
Line 1533: Property Picture in picPLCInput had an invalid file reference.
Line 1546: Property Picture in picPLCInput had an invalid file reference.
Line 1606: Property Picture in picGrey had an invalid file reference.
Line 1618: Property Picture in picGreen had an invalid file reference.
Line 1630: Property Picture in picRed had an invalid file reference.
Line 1642: Property Picture in picAmber had an invalid file reference.
Line 1659: Property Picture in picRedBlue had an invalid file reference.
Line 1671: Property Picture in picGreenBlue had an invalid file reference.
Line 1683: Property Picture in PicAmberForce had an invalid file reference.
Line 1697: Property Picture in picPLCOutput had an invalid file reference.
Line 1710: Property Picture in picPLCOutput had an invalid file reference.
Line 1723: Property Picture in picPLCOutput had an invalid file reference.
Line 1736: Property Picture in picPLCOutput had an invalid file reference.
Line 1749: Property Picture in picPLCOutput had an invalid file reference.
Line 1762: Property Picture in picPLCOutput had an invalid file reference.
Line 1775: Property Picture in picPLCOutput had an invalid file reference.
Line 1788: Property Picture in picPLCOutput had an invalid file reference.
Line 1801: Property Picture in picPLCOutput had an invalid file reference.
Line 1814: Property Picture in picPLCOutput had an invalid file reference.
Line 1827: Property Picture in picPLCOutput had an invalid file reference.
Line 1840: Property Picture in picPLCOutput had an invalid file reference.
Line 1853: Property Picture in picPLCOutput had an invalid file reference.
Line 1866: Property Picture in picPLCOutput had an invalid file reference.
Line 1879: Property Picture in picPLCOutput had an invalid file reference.
Line 1892: Property Picture in picPLCOutput had an invalid file reference.
